username entered with name: standard_user
username entered with name: problem_userNOK
password entered with password: secret_sauceM
password entered with password: secret_sauce
Enter button clicked
Enter button clicked
Error message fetched: Epic sadface: Username and password do not match any user in this service
username entered with name: locked_out_user
password entered with password: secret_sauceM
Enter button clicked
username entered with name: standard_user
Error message fetched: Epic sadface: Username and password do not match any user in this service
password entered with password: secret_sauce
Enter button clicked
username entered with name: performance_glitch_userNOK
password entered with password: secret_sauceNOK
Enter button clicked
Error message fetched: Epic sadface: Username and password do not match any user in this service
username entered with name: standard_user
password entered with password: secret_sauce
Enter button clicked
selected sort by price low to high
product added to cart
cart badge is displayed
clicked checkout cart
item is present in checkout
Checkout button clicked
Checkout info successful
Checkout info successful
First name entered successfully
Last name entered successfully
Postal code entered successfully
Successfully pressed entered
Clicked on Finish button
thankYouMessage is displayed
username entered with name: locked_out_user
password entered with password: secret_sauceM
Enter button clicked
Error message fetched: Epic sadface: Username and password do not match any user in this service
username entered with name: performance_glitch_userNOK
password entered with password: secret_sauceNOK
Enter button clicked
Error message fetched: Epic sadface: Username and password do not match any user in this service
username entered with name: standard_user
password entered with password: secret_sauce
Enter button clicked
selected sort by price low to high
product added to cart
username entered with name: problem_userNOK
cart badge is displayed
password entered with password: secret_sauceM
Enter button clicked
Error message fetched: Epic sadface: Username and password do not match any user in this service
username entered with name: standard_user
username entered with name: standard_user
password entered with password: secret_sauce
password entered with password: secret_sauce
Enter button clicked
Enter button clicked
username entered with name: problem_userNOK
password entered with password: secret_sauceM
Enter button clicked
Error message fetched: Epic sadface: Username and password do not match any user in this service
username entered with name: standard_user
password entered with password: secret_sauce
Enter button clicked
username entered with name: performance_glitch_userNOK
selected sort by price low to high
product added to cart
password entered with password: secret_sauceNOK
Enter button clicked
Error message fetched: Epic sadface: Username and password do not match any user in this service
cart badge is displayed
clicked checkout cart
username entered with name: standard_user
password entered with password: secret_sauce
Enter button clicked
username entered with name: standard_user
password entered with password: secret_sauce
Enter button clicked
username entered with name: locked_out_user
selected sort by price low to high
product added to cart
password entered with password: secret_sauceM
Enter button clicked
cart badge is displayed
Error message fetched: Epic sadface: Username and password do not match any user in this service
username entered with name: standard_user
username entered with name: locked_out_user
password entered with password: secret_sauceM
password entered with password: secret_sauce
Enter button clicked
Enter button clicked
Error message fetched: Epic sadface: Username and password do not match any user in this service
username entered with name: standard_user
password entered with password: secret_sauce
Enter button clicked
username entered with name: standard_user
password entered with password: secret_sauce
Enter button clicked
selected sort by price low to high
product added to cart
cart badge is displayed
username entered with name: problem_userNOK
password entered with password: secret_sauceM
Enter button clicked
Error message fetched: Epic sadface: Username and password do not match any user in this service
username entered with name: performance_glitch_userNOK
password entered with password: secret_sauceNOK
Enter button clicked
Error message fetched: Epic sadface: Username and password do not match any user in this service
username entered with name: standard_user
username entered with name: standard_user
password entered with password: secret_sauce
password entered with password: secret_sauce
Enter button clicked
Enter button clicked
username entered with name: problem_userNOK
password entered with password: secret_sauceM
Enter button clicked
Error message fetched: Epic sadface: Username and password do not match any user in this service
username entered with name: standard_user
password entered with password: secret_sauce
Enter button clicked
selected sort by price low to high
product added to cart
username entered with name: performance_glitch_userNOK
cart badge is displayed
clicked checkout cart
password entered with password: secret_sauceNOK
Enter button clicked
Error message fetched: Epic sadface: Username and password do not match any user in this service
username entered with name: locked_out_user
password entered with password: secret_sauceM
Enter button clicked
Error message fetched: Epic sadface: Username and password do not match any user in this service
username entered with name: standard_user
username entered with name: standard_user
password entered with password: secret_sauce
password entered with password: secret_sauce
Enter button clicked
Enter button clicked
username entered with name: standard_user
password entered with password: secret_sauce
Enter button clicked
username entered with name: performance_glitch_userNOK
selected sort by price low to high
product added to cart
password entered with password: secret_sauceNOK
Enter button clicked
cart badge is displayed
Error message fetched: Epic sadface: Username and password do not match any user in this service
clicked checkout cart
username entered with name: locked_out_user
password entered with password: secret_sauceM
Enter button clicked
Error message fetched: Epic sadface: Username and password do not match any user in this service
username entered with name: problem_userNOK
password entered with password: secret_sauceM
Enter button clicked
Error message fetched: Epic sadface: Username and password do not match any user in this service
username entered with name: standard_user
password entered with password: secret_sauce
Enter button clicked
username entered with name: standard_user
password entered with password: secret_sauce
Enter button clicked
username entered with name: problem_userNOK
password entered with password: secret_sauceM
Enter button clicked
Error message fetched: Epic sadface: Username and password do not match any user in this service
username entered with name: standard_user
password entered with password: secret_sauce
Enter button clicked
username entered with name: performance_glitch_userNOK
password entered with password: secret_sauceNOK
Enter button clicked
selected sort by price low to high
Error message fetched: Epic sadface: Username and password do not match any user in this service
product added to cart
cart badge is displayed
username entered with name: locked_out_user
password entered with password: secret_sauceM
Enter button clicked
Error message fetched: Epic sadface: Username and password do not match any user in this service
username entered with name: standard_user
username entered with name: performance_glitch_userNOK
password entered with password: secret_sauce
password entered with password: secret_sauceNOK
Enter button clicked
Enter button clicked
Error message fetched: Epic sadface: Username and password do not match any user in this service
username entered with name: standard_user
password entered with password: secret_sauce
Enter button clicked
username entered with name: locked_out_user
password entered with password: secret_sauceM
Enter button clicked
Error message fetched: Epic sadface: Username and password do not match any user in this service
username entered with name: problem_userNOK
password entered with password: secret_sauceM
Enter button clicked
Error message fetched: Epic sadface: Username and password do not match any user in this service
username entered with name: standard_user
password entered with password: secret_sauce
Enter button clicked
selected sort by price low to high
product added to cart
cart badge is displayed
item is present in checkout
username entered with name: locked_out_user
username entered with name: standard_user
password entered with password: secret_sauceM
password entered with password: secret_sauce
Enter button clicked
Enter button clicked
Error message fetched: Epic sadface: Username and password do not match any user in this service
username entered with name: standard_user
password entered with password: secret_sauce
Enter button clicked
username entered with name: performance_glitch_userNOK
password entered with password: secret_sauceNOK
Enter button clicked
Error message fetched: Epic sadface: Username and password do not match any user in this service
username entered with name: standard_user
password entered with password: secret_sauce
Enter button clicked
username entered with name: problem_userNOK
password entered with password: secret_sauceM
Enter button clicked
Error message fetched: Epic sadface: Username and password do not match any user in this service
username entered with name: locked_out_user
username entered with name: standard_user
password entered with password: secret_sauceM
password entered with password: secret_sauce
Enter button clicked
Enter button clicked
Error message fetched: Epic sadface: Username and password do not match any user in this service
username entered with name: problem_userNOK
password entered with password: secret_sauceM
Enter button clicked
Error message fetched: Epic sadface: Username and password do not match any user in this service
username entered with name: performance_glitch_userNOK
password entered with password: secret_sauceNOK
Enter button clicked
Error message fetched: Epic sadface: Username and password do not match any user in this service
username entered with name: standard_user
password entered with password: secret_sauce
Enter button clicked
username entered with name: standard_user
password entered with password: secret_sauce
Enter button clicked
selected sort by price low to high
product added to cart
cart badge is displayed
clicked checkout cart
item is present in checkout
Checkout button clicked
Checkout info successful
Checkout info successful
First name entered successfully
Last name entered successfully
Postal code entered successfully
Successfully pressed entered
Clicked on Finish button
thankYouMessage is displayed
